#
# There is insufficient memory for the Java Runtime Environment to continue.
# Native memory allocation (malloc) failed to allocate 32744 bytes for ChunkPool::allocate
# Possible reasons:
#   The system is out of physical RAM or swap space
#   In 32 bit mode, the process size limit was hit
# Possible solutions:
#   Reduce memory load on the system
#   Increase physical memory or swap space
#   Check if swap backing store is full
#   Use 64 bit Java on a 64 bit OS
#   Decrease Java heap size (-Xmx/-Xms)
#   Decrease number of Java threads
#   Decrease Java thread stack sizes (-Xss)
#   Set larger code cache with -XX:ReservedCodeCacheSize=
# This output file may be truncated or incomplete.
#
#  Out of Memory Error (allocation.cpp:273), pid=11684, tid=0x00000000000019bc
#
# JRE version: Java(TM) SE Runtime Environment (8.0_181-b13) (build 1.8.0_181-b13)
# Java VM: Java HotSpot(TM) 64-Bit Server VM (25.181-b13 mixed mode windows-amd64 compressed oops)
# Failed to write core dump. Minidumps are not enabled by default on client versions of Windows
#

---------------  T H R E A D  ---------------

Current thread (0x00000000184b7800):  JavaThread "C2 CompilerThread0" daemon [_thread_in_native, id=6588, stack(0x0000000019af0000,0x0000000019bf0000)]

Stack: [0x0000000019af0000,0x0000000019bf0000]
[error occurred during error reporting (printing stack bounds), id 0xc0000005]

Native frames: (J=compiled Java code, j=interpreted, Vv=VM code, C=native code)


Current CompileTask:
C2:1000029 19296       4       org.objectweb.asm.ClassReader::readCode (3575 bytes)


---------------  P R O C E S S  ---------------

Java Threads: ( => current thread )
  0x000000001baa6800 JavaThread "ForkJoinPool.commonPool-worker-2" daemon [_thread_in_vm, id=2616, stack(0x000000002e830000,0x000000002e930000)]
  0x000000001ba9f000 JavaThread "ForkJoinPool.commonPool-worker-1" daemon [_thread_blocked, id=4404, stack(0x000000002e730000,0x000000002e830000)]
  0x000000001baa5800 JavaThread "Cache worker for Java compile cache (D:\Work\2018\09-September\29092018\AssetCode\.gradle\4.6\javaCompile)" [_thread_blocked, id=10164, stack(0x000000002e630000,0x000000002e730000)]
  0x000000001ba9f800 JavaThread "stdout" [_thread_in_native, id=7340, stack(0x000000002e530000,0x000000002e630000)]
  0x000000001ba9e000 JavaThread "stderr" [_thread_in_native, id=10036, stack(0x000000002e430000,0x000000002e530000)]
  0x000000001dddb000 JavaThread "pool-18-thread-1" [_thread_blocked, id=13252, stack(0x000000002e330000,0x000000002e430000)]
  0x000000001ddda800 JavaThread "Task worker for ':' Thread 3" [_thread_blocked, id=3864, stack(0x000000002e230000,0x000000002e330000)]
  0x000000001dddc800 JavaThread "Task worker for ':' Thread 2" [_thread_blocked, id=12428, stack(0x000000002e130000,0x000000002e230000)]
  0x000000001ddd9800 JavaThread "Task worker for ':'" [_thread_in_native, id=13052, stack(0x000000002e030000,0x000000002e130000)]
  0x000000001dddc000 JavaThread "Cache worker for Build Output Cleanup Cache (D:\Work\2018\09-September\29092018\AssetCode\.gradle\buildOutputCleanup)" [_thread_blocked, id=8664, stack(0x000000002df30000,0x000000002e030000)]
  0x000000001ddd2000 JavaThread "Cache worker for task history cache (D:\Work\2018\09-September\29092018\AssetCode\.gradle\4.6\taskHistory)" [_thread_blocked, id=11376, stack(0x000000002de30000,0x000000002df30000)]
  0x000000001ddd6000 JavaThread "Cache worker for file content cache (D:\Work\2018\09-September\29092018\AssetCode\.gradle\4.6\fileContent)" [_thread_blocked, id=12444, stack(0x000000002dd30000,0x000000002de30000)]
  0x000000001ddd0800 JavaThread "Build operations Thread 4" [_thread_blocked, id=6368, stack(0x000000002dc30000,0x000000002dd30000)]
  0x000000001ddd7800 JavaThread "Build operations Thread 3" [_thread_blocked, id=10760, stack(0x000000002db30000,0x000000002dc30000)]
  0x000000001ddd5000 JavaThread "Build operations Thread 2" [_thread_blocked, id=3332, stack(0x000000002da30000,0x000000002db30000)]
  0x000000001ddd1000 JavaThread "Build operations" [_thread_blocked, id=4904, stack(0x000000002d930000,0x000000002da30000)]
  0x000000001ddd6800 JavaThread "Cache worker for Artifact transforms cache (C:\Users\angkanak\.gradle\caches\transforms-1)" [_thread_blocked, id=5252, stack(0x000000002d830000,0x000000002d930000)]
  0x000000001ddcd800 JavaThread "Cache worker for file hash cache (D:\Work\2018\09-September\29092018\AssetCode\.gradle\4.6\fileHashes)" [_thread_in_Java, id=9180, stack(0x000000002d730000,0x000000002d830000)]
  0x000000001ddd4800 JavaThread "Stdin handler" [_thread_blocked, id=5380, stack(0x000000002d630000,0x000000002d730000)]
  0x000000001ddd3000 JavaThread "Asynchronous log dispatcher for DefaultDaemonConnection: socket connection from /127.0.0.1:53040 to /127.0.0.1:53689" [_thread_blocked, id=12624, stack(0x000000002d530000,0x000000002d630000)]
  0x000000001ddcf800 JavaThread "Cancel handler" [_thread_blocked, id=11356, stack(0x000000002d430000,0x000000002d530000)]
  0x000000001ddd3800 JavaThread "Handler for socket connection from /127.0.0.1:53040 to /127.0.0.1:53689" [_thread_in_native, id=12204, stack(0x000000002d330000,0x000000002d430000)]
  0x000000001baa3800 JavaThread "Daemon worker Thread 3" [_thread_blocked, id=6176, stack(0x000000002b630000,0x000000002b730000)]
  0x000000001baa4000 JavaThread "Daemon Thread 3" [_thread_blocked, id=13292, stack(0x000000002b330000,0x000000002b430000)]
  0x000000001ddce000 JavaThread "Memory manager" [_thread_blocked, id=2368, stack(0x0000000023d10000,0x0000000023e10000)]
  0x000000001b660800 JavaThread "pool-1-thread-1" [_thread_blocked, id=2960, stack(0x00000000223f0000,0x00000000224f0000)]
  0x000000001b664000 JavaThread "File lock request listener" [_thread_in_native, id=9240, stack(0x000000001e2b0000,0x000000001e3b0000)]
  0x000000001b667000 JavaThread "Cache worker for file hash cache (C:\Users\angkanak\.gradle\caches\4.6\fileHashes)" [_thread_blocked, id=10936, stack(0x000000001e1b0000,0x000000001e2b0000)]
  0x000000001b4ea800 JavaThread "Daemon periodic checks" [_thread_blocked, id=1840, stack(0x000000001c6e0000,0x000000001c7e0000)]
  0x000000001b4c2000 JavaThread "Incoming local TCP Connector on port 53040" [_thread_in_native, id=4848, stack(0x000000001c200000,0x000000001c300000)]
  0x000000001b055000 JavaThread "Daemon health stats" [_thread_blocked, id=4600, stack(0x000000001bbc0000,0x000000001bcc0000)]
  0x000000001850e800 JavaThread "Service Thread" daemon [_thread_blocked, id=9476, stack(0x000000001a1f0000,0x000000001a2f0000)]
  0x0000000019cf8800 JavaThread "C1 CompilerThread2" daemon [_thread_blocked, id=12820, stack(0x000000001a0f0000,0x000000001a1f0000)]
  0x00000000184bb800 JavaThread "C2 CompilerThread1" daemon [_thread_in_native, id=4100, stack(0x0000000019bf0000,0x0000000019cf0000)]
=>0x00000000184b7800 JavaThread "C2 CompilerThread0" daemon [_thread_in_native, id=6588, stack(0x0000000019af0000,0x0000000019bf0000)]
  0x00000000184b6000 JavaThread "Attach Listener" daemon [_thread_blocked, id=6172, stack(0x00000000199f0000,0x0000000019af0000)]
  0x0000000018505800 JavaThread "Signal Dispatcher" daemon [_thread_blocked, id=3824, stack(0x00000000198f0000,0x00000000199f0000)]
  0x0000000018499000 JavaThread "Finalizer" daemon [_thread_blocked, id=6816, stack(0x0000000019700000,0x0000000019800000)]
  0x0000000001664000 JavaThread "Reference Handler" daemon [_thread_blocked, id=1180, stack(0x0000000019600000,0x0000000019700000)]
  0x0000000001572800 JavaThread "main" [_thread_blocked, id=8380, stack(0x0000000001040000,0x0000000001140000)]

Other Threads:
  0x0000000018477800 VMThread [stack: 0x0000000019500000,0x0000000019600000] [id=11556]
  0x0000000019d8a800 WatcherThread [stack: 0x000000001a2f0000,0x000000001a3f0000] [id=11544]

VM state:not at safepoint (normal execution)

VM Mutex/Monitor currently owned by a thread: None

Heap:
 PSYoungGen      total 463872K, used 102262K [0x00000000e0000000, 0x0000000100000000, 0x0000000100000000)
  eden space 439296K, 18% used [0x00000000e0000000,0x00000000e4f5d380,0x00000000fad00000)
  from space 24576K, 85% used [0x00000000fad00000,0x00000000fc1805c0,0x00000000fc500000)
  to   space 27136K, 0% used [0x00000000fe580000,0x00000000fe580000,0x0000000100000000)
 ParOldGen       total 140800K, used 91002K [0x00000000a0000000, 0x00000000a8980000, 0x00000000e0000000)
  object space 140800K, 64% used [0x00000000a0000000,0x00000000a58deb20,0x00000000a8980000)
 Metaspace       used 90025K, capacity 94726K, committed 94976K, reserved 1132544K
  class space    used 11749K, capacity 12746K, committed 12800K, reserved 1048576K

Card table byte_map: [0x0000000001a30000,0x0000000001d40000] byte_map_base: 0x0000000001530000

Marking Bits: (ParMarkBitMap*) 0x0000000053e32d00
 Begin Bits: [0x0000000014810000, 0x0000000016010000)
 End Bits:   [0x0000000016010000, 0x0000000017810000)

Polling page: 0x0000000000c20000

CodeCache: size=245760Kb used=53291Kb max_used=53291Kb free=192468Kb
 bounds [0x0000000005410000, 0x0000000008870000, 0x0000000014410000]
 total_blobs=16840 nmethods=15957 adapters=793
 compilation: enabled

Compilation events (10 events):
Event: 999.879 Thread 0x0000000019cf8800 19329       3       org.gradle.api.internal.changedetection.rules.TaskTypeTaskStateChanges::hasAnyUnknownClassLoader (40 bytes)
Event: 999.880 Thread 0x0000000019cf8800 nmethod 19329 0x00000000087f5850 code [0x00000000087f5a00, 0x00000000087f6028]
Event: 999.880 Thread 0x0000000019cf8800 19330       3       org.gradle.api.internal.changedetection.rules.InputPropertyTaskStateChanges::getProperties (7 bytes)
Event: 999.880 Thread 0x0000000019cf8800 nmethod 19330 0x00000000087f6210 code [0x00000000087f6360, 0x00000000087f6590]
Event: 999.880 Thread 0x0000000019cf8800 19331       3       org.gradle.api.internal.changedetection.state.OrderInsensitiveTaskFilePropertyCompareStrategy$2::computeNext (5 bytes)
Event: 999.880 Thread 0x0000000019cf8800 nmethod 19331 0x00000000087f6650 code [0x00000000087f67c0, 0x00000000087f6968]
Event: 999.880 Thread 0x0000000019cf8800 19333       3       java.util.Spliterators$ArraySpliterator::tryAdvance (58 bytes)
Event: 999.880 Thread 0x0000000019cf8800 nmethod 19333 0x00000000087f6a10 code [0x00000000087f6ba0, 0x00000000087f6f78]
Event: 999.880 Thread 0x0000000019cf8800 19332       3       org.gradle.api.internal.changedetection.rules.FileChange::isAdded (16 bytes)
Event: 999.880 Thread 0x0000000019cf8800 nmethod 19332 0x00000000087f7110 code [0x00000000087f7260, 0x00000000087f7410]

GC Heap History (10 events):
Event: 161.419 GC heap before
{Heap before GC invocations=22 (full 3):
 PSYoungGen      total 305152K, used 299145K [0x00000000e0000000, 0x00000000f4280000, 0x0000000100000000)
  eden space 288256K, 100% used [0x00000000e0000000,0x00000000f1980000,0x00000000f1980000)
  from space 16896K, 64% used [0x00000000f3200000,0x00000000f3ca2410,0x00000000f4280000)
  to   space 20992K, 0% used [0x00000000f1980000,0x00000000f1980000,0x00000000f2e00000)
 ParOldGen       total 140800K, used 65938K [0x00000000a0000000, 0x00000000a8980000, 0x00000000e0000000)
  object space 140800K, 46% used [0x00000000a0000000,0x00000000a4064808,0x00000000a8980000)
 Metaspace       used 64666K, capacity 66804K, committed 67072K, reserved 1107968K
  class space    used 8684K, capacity 9167K, committed 9216K, reserved 1048576K
Event: 161.424 GC heap after
Heap after GC invocations=22 (full 3):
 PSYoungGen      total 309248K, used 1490K [0x00000000e0000000, 0x00000000f9280000, 0x0000000100000000)
  eden space 288256K, 0% used [0x00000000e0000000,0x00000000e0000000,0x00000000f1980000)
  from space 20992K, 7% used [0x00000000f1980000,0x00000000f1af4890,0x00000000f2e00000)
  to   space 20992K, 0% used [0x00000000f7e00000,0x00000000f7e00000,0x00000000f9280000)
 ParOldGen       total 140800K, used 69037K [0x00000000a0000000, 0x00000000a8980000, 0x00000000e0000000)
  object space 140800K, 49% used [0x00000000a0000000,0x00000000a436b6c8,0x00000000a8980000)
 Metaspace       used 64666K, capacity 66804K, committed 67072K, reserved 1107968K
  class space    used 8684K, capacity 9167K, committed 9216K, reserved 1048576K
}
Event: 453.405 GC heap before
{Heap before GC invocations=23 (full 3):
 PSYoungGen      total 309248K, used 289259K [0x00000000e0000000, 0x00000000f9280000, 0x0000000100000000)
  eden space 288256K, 99% used [0x00000000e0000000,0x00000000f1906430,0x00000000f1980000)
  from space 20992K, 7% used [0x00000000f1980000,0x00000000f1af4890,0x00000000f2e00000)
  to   space 20992K, 0% used [0x00000000f7e00000,0x00000000f7e00000,0x00000000f9280000)
 ParOldGen       total 140800K, used 69037K [0x00000000a0000000, 0x00000000a8980000, 0x00000000e0000000)
  object space 140800K, 49% used [0x00000000a0000000,0x00000000a436b6c8,0x00000000a8980000)
 Metaspace       used 70243K, capacity 72418K, committed 72576K, reserved 1112064K
  class space    used 9344K, capacity 9826K, committed 9856K, reserved 1048576K
Event: 453.418 GC heap after
Heap after GC invocations=23 (full 3):
 PSYoungGen      total 380928K, used 17191K [0x00000000e0000000, 0x00000000f8f80000, 0x0000000100000000)
  eden space 363008K, 0% used [0x00000000e0000000,0x00000000e0000000,0x00000000f6280000)
  from space 17920K, 95% used [0x00000000f7e00000,0x00000000f8ec9c90,0x00000000f8f80000)
  to   space 23040K, 0% used [0x00000000f6280000,0x00000000f6280000,0x00000000f7900000)
 ParOldGen       total 140800K, used 69737K [0x00000000a0000000, 0x00000000a8980000, 0x00000000e0000000)
  object space 140800K, 49% used [0x00000000a0000000,0x00000000a441a6f8,0x00000000a8980000)
 Metaspace       used 70243K, capacity 72418K, committed 72576K, reserved 1112064K
  class space    used 9344K, capacity 9826K, committed 9856K, reserved 1048576K
}
Event: 456.298 GC heap before
{Heap before GC invocations=24 (full 3):
 PSYoungGen      total 380928K, used 379376K [0x00000000e0000000, 0x00000000f8f80000, 0x0000000100000000)
  eden space 363008K, 99% used [0x00000000e0000000,0x00000000f61b2400,0x00000000f6280000)
  from space 17920K, 95% used [0x00000000f7e00000,0x00000000f8ec9c90,0x00000000f8f80000)
  to   space 23040K, 0% used [0x00000000f6280000,0x00000000f6280000,0x00000000f7900000)
 ParOldGen       total 140800K, used 69737K [0x00000000a0000000, 0x00000000a8980000, 0x00000000e0000000)
  object space 140800K, 49% used [0x00000000a0000000,0x00000000a441a6f8,0x00000000a8980000)
 Metaspace       used 80962K, capacity 84246K, committed 84352K, reserved 1122304K
  class space    used 10660K, capacity 11326K, committed 11392K, reserved 1048576K
Event: 456.316 GC heap after
Heap after GC invocations=24 (full 3):
 PSYoungGen      total 386048K, used 17177K [0x00000000e0000000, 0x00000000fe700000, 0x0000000100000000)
  eden space 363008K, 0% used [0x00000000e0000000,0x00000000e0000000,0x00000000f6280000)
  from space 23040K, 74% used [0x00000000f6280000,0x00000000f7346610,0x00000000f7900000)
  to   space 24576K, 0% used [0x00000000fcf00000,0x00000000fcf00000,0x00000000fe700000)
 ParOldGen       total 140800K, used 76204K [0x00000000a0000000, 0x00000000a8980000, 0x00000000e0000000)
  object space 140800K, 54% used [0x00000000a0000000,0x00000000a4a6b1d8,0x00000000a8980000)
 Metaspace       used 80962K, capacity 84246K, committed 84352K, reserved 1122304K
  class space    used 10660K, capacity 11326K, committed 11392K, reserved 1048576K
}
Event: 515.555 GC heap before
{Heap before GC invocations=25 (full 3):
 PSYoungGen      total 386048K, used 380185K [0x00000000e0000000, 0x00000000fe700000, 0x0000000100000000)
  eden space 363008K, 100% used [0x00000000e0000000,0x00000000f6280000,0x00000000f6280000)
  from space 23040K, 74% used [0x00000000f6280000,0x00000000f7346610,0x00000000f7900000)
  to   space 24576K, 0% used [0x00000000fcf00000,0x00000000fcf00000,0x00000000fe700000)
 ParOldGen       total 140800K, used 76204K [0x00000000a0000000, 0x00000000a8980000, 0x00000000e0000000)
  object space 140800K, 54% used [0x00000000a0000000,0x00000000a4a6b1d8,0x00000000a8980000)
 Metaspace       used 86661K, capacity 90310K, committed 90624K, reserved 1128448K
  class space    used 11382K, capacity 12187K, committed 12288K, reserved 1048576K
Event: 515.568 GC heap after
Heap after GC invocations=25 (full 3):
 PSYoungGen      total 453632K, used 13052K [0x00000000e0000000, 0x00000000fdd00000, 0x0000000100000000)
  eden space 439296K, 0% used [0x00000000e0000000,0x00000000e0000000,0x00000000fad00000)
  from space 14336K, 91% used [0x00000000fcf00000,0x00000000fdbbf150,0x00000000fdd00000)
  to   space 24576K, 0% used [0x00000000fad00000,0x00000000fad00000,0x00000000fc500000)
 ParOldGen       total 140800K, used 82168K [0x00000000a0000000, 0x00000000a8980000, 0x00000000e0000000)
  object space 140800K, 58% used [0x00000000a0000000,0x00000000a503e3c8,0x00000000a8980000)
 Metaspace       used 86661K, capacity 90310K, committed 90624K, reserved 1128448K
  class space    used 11382K, capacity 12187K, committed 12288K, reserved 1048576K
}
Event: 998.996 GC heap before
{Heap before GC invocations=26 (full 3):
 PSYoungGen      total 453632K, used 452348K [0x00000000e0000000, 0x00000000fdd00000, 0x0000000100000000)
  eden space 439296K, 100% used [0x00000000e0000000,0x00000000fad00000,0x00000000fad00000)
  from space 14336K, 91% used [0x00000000fcf00000,0x00000000fdbbf150,0x00000000fdd00000)
  to   space 24576K, 0% used [0x00000000fad00000,0x00000000fad00000,0x00000000fc500000)
 ParOldGen       total 140800K, used 82168K [0x00000000a0000000, 0x00000000a8980000, 0x00000000e0000000)
  object space 140800K, 58% used [0x00000000a0000000,0x00000000a503e3c8,0x00000000a8980000)
 Metaspace       used 89625K, capacity 94268K, committed 94464K, reserved 1130496K
  class space    used 11741K, capacity 12745K, committed 12800K, reserved 1048576K
Event: 999.016 GC heap after
Heap after GC invocations=26 (full 3):
 PSYoungGen      total 463872K, used 20993K [0x00000000e0000000, 0x0000000100000000, 0x0000000100000000)
  eden space 439296K, 0% used [0x00000000e0000000,0x00000000e0000000,0x00000000fad00000)
  from space 24576K, 85% used [0x00000000fad00000,0x00000000fc1805c0,0x00000000fc500000)
  to   space 27136K, 0% used [0x00000000fe580000,0x00000000fe580000,0x0000000100000000)
 ParOldGen       total 140800K, used 91002K [0x00000000a0000000, 0x00000000a8980000, 0x00000000e0000000)
  object space 140800K, 64% used [0x00000000a0000000,0x00000000a58deb20,0x00000000a8980000)
 Metaspace       used 89625K, capacity 94268K, committed 94464K, reserved 1130496K
  class space    used 11741K, capacity 12745K, committed 12800K, reserved 1048576K
}

Deoptimization events (10 events):
Event: 999.344 Thread 0x000000001baa3800 Uncommon trap: reason=bimorphic action=maybe_recompile pc=0x00000000076de9cc method=com.sun.tools.javac.tree.TreeInfo.flags(Lcom/sun/tools/javac/tree/JCTree;)J @ 4
Event: 999.345 Thread 0x000000001baa3800 Uncommon trap: reason=bimorphic action=maybe_recompile pc=0x00000000076de9cc method=com.sun.tools.javac.tree.TreeInfo.flags(Lcom/sun/tools/javac/tree/JCTree;)J @ 4
Event: 999.362 Thread 0x000000001baa3800 Uncommon trap: reason=bimorphic action=maybe_recompile pc=0x0000000007689a94 method=com.sun.tools.javac.comp.Check.checkType(Lcom/sun/tools/javac/util/JCDiagnostic$DiagnosticPosition;Lcom/sun/tools/javac/code/Type;Lcom/sun/tools/javac/code/Type;Lcom/sun/t
Event: 999.362 Thread 0x000000001baa3800 Uncommon trap: reason=bimorphic action=maybe_recompile pc=0x0000000007689a94 method=com.sun.tools.javac.comp.Check.checkType(Lcom/sun/tools/javac/util/JCDiagnostic$DiagnosticPosition;Lcom/sun/tools/javac/code/Type;Lcom/sun/tools/javac/code/Type;Lcom/sun/t
Event: 999.362 Thread 0x000000001baa3800 Uncommon trap: reason=bimorphic action=maybe_recompile pc=0x0000000007689a94 method=com.sun.tools.javac.comp.Check.checkType(Lcom/sun/tools/javac/util/JCDiagnostic$DiagnosticPosition;Lcom/sun/tools/javac/code/Type;Lcom/sun/tools/javac/code/Type;Lcom/sun/t
Event: 999.362 Thread 0x000000001baa3800 Uncommon trap: reason=bimorphic action=maybe_recompile pc=0x0000000007689a94 method=com.sun.tools.javac.comp.Check.checkType(Lcom/sun/tools/javac/util/JCDiagnostic$DiagnosticPosition;Lcom/sun/tools/javac/code/Type;Lcom/sun/tools/javac/code/Type;Lcom/sun/t
Event: 999.720 Thread 0x000000001baa3800 Uncommon trap: reason=null_check action=make_not_entrant pc=0x000000000862374c method=java.lang.ThreadLocal$ThreadLocalMap.set(Ljava/lang/ThreadLocal;Ljava/lang/Object;)V @ 36
Event: 999.726 Thread 0x000000001baa3800 Uncommon trap: reason=null_check action=make_not_entrant pc=0x000000000610bb34 method=java.lang.ThreadLocal$ThreadLocalMap.getEntryAfterMiss(Ljava/lang/ThreadLocal;ILjava/lang/ThreadLocal$ThreadLocalMap$Entry;)Ljava/lang/ThreadLocal$ThreadLocalMap$Entry; 
Event: 999.852 Thread 0x000000001ddd9800 Uncommon trap: reason=unstable_if action=reinterpret pc=0x0000000005962c44 method=com.sun.org.apache.xerces.internal.dom.DeferredDocumentImpl.getChunkIndex([[III)I @ 3
Event: 999.855 Thread 0x000000001ddd9800 Uncommon trap: reason=unstable_if action=reinterpret pc=0x0000000006f6fe2c method=java.lang.String.regionMatches(ZILjava/lang/String;II)Z @ 58

Classes redefined (0 events):
No events

Internal exceptions (10 events):
Event: 997.867 Thread 0x000000001baa3800 Exception <a 'sun/nio/fs/WindowsException'> (0x00000000f82c80a0) thrown at [C:\re\workspace\8-2-build-windows-amd64-cygwin\jdk8u181\11358\hotspot\src\share\vm\prims\jni.cpp, line 709]
Event: 997.867 Thread 0x000000001baa3800 Exception <a 'sun/nio/fs/WindowsException'> (0x00000000f82c8a90) thrown at [C:\re\workspace\8-2-build-windows-amd64-cygwin\jdk8u181\11358\hotspot\src\share\vm\prims\jni.cpp, line 709]
Event: 997.868 Thread 0x000000001baa3800 Exception <a 'sun/nio/fs/WindowsException'> (0x00000000f82ccab8) thrown at [C:\re\workspace\8-2-build-windows-amd64-cygwin\jdk8u181\11358\hotspot\src\share\vm\prims\jni.cpp, line 709]
Event: 997.868 Thread 0x000000001baa3800 Exception <a 'sun/nio/fs/WindowsException'> (0x00000000f82cd4b8) thrown at [C:\re\workspace\8-2-build-windows-amd64-cygwin\jdk8u181\11358\hotspot\src\share\vm\prims\jni.cpp, line 709]
Event: 997.868 Thread 0x000000001baa3800 Exception <a 'sun/nio/fs/WindowsException'> (0x00000000f82cf1c0) thrown at [C:\re\workspace\8-2-build-windows-amd64-cygwin\jdk8u181\11358\hotspot\src\share\vm\prims\jni.cpp, line 709]
Event: 997.868 Thread 0x000000001baa3800 Exception <a 'sun/nio/fs/WindowsException'> (0x00000000f82cfbe0) thrown at [C:\re\workspace\8-2-build-windows-amd64-cygwin\jdk8u181\11358\hotspot\src\share\vm\prims\jni.cpp, line 709]
Event: 999.164 Thread 0x000000001baa3800 Implicit null exception at 0x0000000005d44ef4 to 0x0000000005d457ed
Event: 999.720 Thread 0x000000001baa3800 Implicit null exception at 0x000000000861dc0c to 0x0000000008623719
Event: 999.726 Thread 0x000000001baa3800 Implicit null exception at 0x000000000610b684 to 0x000000000610bb15
Event: 999.852 Thread 0x000000001ddd9800 Implicit null exception at 0x0000000005962bda to 0x0000000005962c2d

Events (10 events):
Event: 999.850 Executing VM operation: Deoptimize
Event: 999.852 Executing VM operation: Deoptimize done
Event: 999.852 Thread 0x000000001ddd9800 Uncommon trap: trap_request=0xffffff65 fr.pc=0x0000000005962c44
Event: 999.852 Thread 0x000000001ddd9800 DEOPT PACKING pc=0x0000000005962c44 sp=0x000000002e12d380
Event: 999.852 Thread 0x000000001ddd9800 DEOPT UNPACKING pc=0x000000000545583b sp=0x000000002e12d338 mode 2
Event: 999.855 Thread 0x000000001ddd9800 Uncommon trap: trap_request=0xffffff65 fr.pc=0x0000000006f6fe2c
Event: 999.855 Thread 0x000000001ddd9800 DEOPT PACKING pc=0x0000000006f6fe2c sp=0x000000002e12d510
Event: 999.855 Thread 0x000000001ddd9800 DEOPT UNPACKING pc=0x000000000545583b sp=0x000000002e12d498 mode 2
Event: 999.855 loading class com/android/ide/common/resources/MergedAssetWriter
Event: 999.855 loading class com/android/ide/common/resources/MergedAssetWriter done


Dynamic libraries:
0x00007ff738da0000 - 0x00007ff738dd7000 	C:\Program Files\Java\jdk1.8.0_181\bin\java.exe
0x00007ff9c20b0000 - 0x00007ff9c2290000 	C:\WINDOWS\SYSTEM32\ntdll.dll
0x00007ff9c12a0000 - 0x00007ff9c134e000 	C:\WINDOWS\System32\KERNEL32.DLL
0x00007ff9befa0000 - 0x00007ff9bf206000 	C:\WINDOWS\System32\KERNELBASE.dll
0x00007ff9c1a70000 - 0x00007ff9c1b11000 	C:\WINDOWS\System32\ADVAPI32.dll
0x00007ff9bfdb0000 - 0x00007ff9bfe4d000 	C:\WINDOWS\System32\msvcrt.dll
0x00007ff9c14b0000 - 0x00007ff9c150b000 	C:\WINDOWS\System32\sechost.dll
0x00007ff9c15c0000 - 0x00007ff9c16df000 	C:\WINDOWS\System32\RPCRT4.dll
0x00007ff9c18e0000 - 0x00007ff9c1a6f000 	C:\WINDOWS\System32\USER32.dll
0x00007ff9bf560000 - 0x00007ff9bf580000 	C:\WINDOWS\System32\win32u.dll
0x00007ff9bfaf0000 - 0x00007ff9bfb18000 	C:\WINDOWS\System32\GDI32.dll
0x00007ff9be4b0000 - 0x00007ff9be643000 	C:\WINDOWS\System32\gdi32full.dll
0x00007ff9bef00000 - 0x00007ff9bef9b000 	C:\WINDOWS\System32\msvcp_win.dll
0x00007ff9bf460000 - 0x00007ff9bf556000 	C:\WINDOWS\System32\ucrtbase.dll
0x00007ff9b2c50000 - 0x00007ff9b2eb9000 	C:\WINDOWS\WinSxS\amd64_microsoft.windows.common-controls_6595b64144ccf1df_6.0.16299.125_none_15cbcf8893620c09\COMCTL32.dll
0x00007ff9bf590000 - 0x00007ff9bf898000 	C:\WINDOWS\System32\combase.dll
0x00007ff9bf3e0000 - 0x00007ff9bf452000 	C:\WINDOWS\System32\bcryptPrimitives.dll
0x00007ff9bfc50000 - 0x00007ff9bfc7d000 	C:\WINDOWS\System32\IMM32.DLL
0x0000000053ec0000 - 0x0000000053f92000 	C:\Program Files\Java\jdk1.8.0_181\jre\bin\msvcr100.dll
0x0000000053610000 - 0x0000000053eb2000 	C:\Program Files\Java\jdk1.8.0_181\jre\bin\server\jvm.dll
0x00007ff9c14a0000 - 0x00007ff9c14a8000 	C:\WINDOWS\System32\PSAPI.DLL
0x00007ff99f820000 - 0x00007ff99f829000 	C:\WINDOWS\SYSTEM32\WSOCK32.dll
0x00007ff9bfb40000 - 0x00007ff9bfbac000 	C:\WINDOWS\System32\WS2_32.dll
0x00007ff9ba810000 - 0x00007ff9ba833000 	C:\WINDOWS\SYSTEM32\WINMM.dll
0x00007ff9b5a20000 - 0x00007ff9b5a2a000 	C:\WINDOWS\SYSTEM32\VERSION.dll
0x00007ff9ba7b0000 - 0x00007ff9ba7da000 	C:\WINDOWS\SYSTEM32\WINMMBASE.dll
0x00007ff9bee50000 - 0x00007ff9bee9a000 	C:\WINDOWS\System32\cfgmgr32.dll
0x0000000053600000 - 0x000000005360f000 	C:\Program Files\Java\jdk1.8.0_181\jre\bin\verify.dll
0x00000000535d0000 - 0x00000000535f9000 	C:\Program Files\Java\jdk1.8.0_181\jre\bin\java.dll
0x00000000535b0000 - 0x00000000535c6000 	C:\Program Files\Java\jdk1.8.0_181\jre\bin\zip.dll
0x00007ff9bfe60000 - 0x00007ff9c1296000 	C:\WINDOWS\System32\SHELL32.dll
0x00007ff9c1510000 - 0x00007ff9c15b6000 	C:\WINDOWS\System32\shcore.dll
0x00007ff9be650000 - 0x00007ff9bed97000 	C:\WINDOWS\System32\windows.storage.dll
0x00007ff9c1880000 - 0x00007ff9c18d1000 	C:\WINDOWS\System32\shlwapi.dll
0x00007ff9be490000 - 0x00007ff9be4a1000 	C:\WINDOWS\System32\kernel.appcore.dll
0x00007ff9be440000 - 0x00007ff9be48c000 	C:\WINDOWS\System32\powrprof.dll
0x00007ff9be400000 - 0x00007ff9be41b000 	C:\WINDOWS\System32\profapi.dll
0x0000000053590000 - 0x00000000535aa000 	C:\Program Files\Java\jdk1.8.0_181\jre\bin\net.dll
0x00007ff9bdc30000 - 0x00007ff9bdc96000 	C:\WINDOWS\system32\mswsock.dll
0x0000000053570000 - 0x0000000053581000 	C:\Program Files\Java\jdk1.8.0_181\jre\bin\nio.dll
0x00007ff9ad5d0000 - 0x00007ff9ad5ee000 	C:\Users\angkanak\.gradle\native\25\windows-amd64\native-platform.dll
0x0000000053560000 - 0x000000005356d000 	C:\Program Files\Java\jdk1.8.0_181\jre\bin\management.dll
0x00007ff9bddf0000 - 0x00007ff9bde07000 	C:\WINDOWS\SYSTEM32\CRYPTSP.dll
0x00007ff9bd840000 - 0x00007ff9bd873000 	C:\WINDOWS\system32\rsaenh.dll
0x00007ff9bdef0000 - 0x00007ff9bdf15000 	C:\WINDOWS\SYSTEM32\bcrypt.dll
0x00007ff9be300000 - 0x00007ff9be329000 	C:\WINDOWS\SYSTEM32\USERENV.dll
0x00007ff9be2f0000 - 0x00007ff9be2fb000 	C:\WINDOWS\SYSTEM32\CRYPTBASE.dll
0x00007ff9bd9c0000 - 0x00007ff9bd9f9000 	C:\WINDOWS\SYSTEM32\IPHLPAPI.DLL
0x00007ff9bfe50000 - 0x00007ff9bfe58000 	C:\WINDOWS\System32\NSI.dll
0x00007ff9ba2f0000 - 0x00007ff9ba306000 	C:\WINDOWS\SYSTEM32\dhcpcsvc6.DLL
0x00007ff9ba2b0000 - 0x00007ff9ba2ca000 	C:\WINDOWS\SYSTEM32\dhcpcsvc.DLL

VM Arguments:
jvm_args: -Xmx1536m -Dfile.encoding=x-windows-874 -Duser.country=US -Duser.language=en -Duser.variant 
java_command: org.gradle.launcher.daemon.bootstrap.GradleDaemon 4.6
java_class_path (initial): C:\Users\angkanak\.gradle\wrapper\dists\gradle-4.6-all\bcst21l2brirad8k2ben1letg\gradle-4.6\lib\gradle-launcher-4.6.jar
Launcher Type: SUN_STANDARD

Environment Variables:
JAVA_HOME=C:\Program Files\Java\jdk1.8.0_181\bin
PATH=C:\Program Files (x86)\Common Files\Oracle\Java\javapath;C:\Program Files\Microsoft MPI\Bin\;D:\app\Administrator\product\11.2.0\client_1\bin;C:\Program Files (x86)\Java\jdk1.8.0_181\bin;C:\DevSuiteHome_1\jdk\jre\bin\classic;C:\DevSuiteHome_1\jdk\jre\bin;C:\DevSuiteHome_1\jdk\jre\bin\client;C:\DevSuiteHome_1\jre\1.4.2\bin\client;C:\DevSuiteHome_1\jre\1.4.2\bin;C:\ProgramData\Oracle\Java\javapath;C:\DevSuiteHome_1\bin;C:\DevSuiteHome_1\jlib;C:\oracle\product\11.1.1\as_1\bin;C:\Program Files (x86)\Intel\iCLS Client\;C:\Program Files\Intel\iCLS Client\;C:\WINDOWS\system32;C:\WINDOWS;C:\WINDOWS\System32\Wbem;C:\WINDOWS\System32\WindowsPowerShell\v1.0\;C:\Program Files (x86)\Intel\Intel(R) Management Engine Components\DAL;C:\Program Files\Intel\Intel(R) Management Engine Components\DAL;C:\Program Files (x86)\Intel\Intel(R) Management Engine Components\IPT;C:\Program Files\Intel\Intel(R) Management Engine Components\IPT;C:\Program Files\dotnet\;C:\Program Files\Microsoft SQL Server\130\Tools\Binn\;C:\Program Files\PuTTY\;C:\Program Files\Microsoft VS Code\bin;C:\Program Files\Git\cmd;C:\Program Files\nodejs\;C:\Users\angkanak\AppData\Local\Android\Sdk\platform-tools;C:\Users\angkanak\AppData\Local\Android\Sdk\tools;C:\ProgramData\chocolatey\bin;C:\Gradle\gradle-4.10.2\bin;C:\Users\angkanak\AppData\Local\Microsoft\WindowsApps;C:\gradle-4.9-all\gradle-4.9\bin;C:\Users\angkanak\AppData\Roaming\npm;C:\Program Files (x86)\Java\jdk1.8.0_181\bin;C:\Users\angkanak\AppData\Local\Programs\Microsoft VS Code\bin;C:\Users\angkanak\AppData\Local\Android\Sdk\tools;C:\Users\angkanak\AppData\Local\Android\Sdk\platform-tools;
USERNAME=angkanak
OS=Windows_NT
PROCESSOR_IDENTIFIER=Intel64 Family 6 Model 158 Stepping 9, GenuineIntel



---------------  S Y S T E M  ---------------

OS: Windows 10.0 , 64 bit Build 16299 (10.0.16299.15)

CPU:total 4 (initial active 4) (4 cores per cpu, 1 threads per core) family 6 model 158 stepping 9, cmov, cx8, fxsr, mmx, sse, sse2, sse3, ssse3, sse4.1, sse4.2, popcnt, avx, avx2, aes, clmul, erms, rtm, 3dnowpref, lzcnt, tsc, tscinvbit, bmi1, bmi2, adx

Memory: 4k page, physical 8269908k(1053364k free), swap 10367060k(2936k free)

vm_info: Java HotSpot(TM) 64-Bit Server VM (25.181-b13) for windows-amd64 JRE (1.8.0_181-b13), built on Jul  7 2018 04:01:33 by "java_re" with MS VC++ 10.0 (VS2010)

time: Tue Oct 09 11:59:40 2018
elapsed time: 1000 seconds (0d 0h 16m 40s)

